[1022/123303.503:ERROR:filesystem_win.cc(129)] GetFileAttributes C:\Users\Admin\AppData\Local\Google\Chrome\User Data\Crashpad\attachments\004edcc8-46f4-4f7d-9ee9-5349adf9cfc3: The system cannot find the path specified. (0x3)
[1022/123303.503:ERROR:filesystem_win.cc(129)] GetFileAttributes C:\Users\Admin\AppData\Local\Google\Chrome\User Data\Crashpad\attachments\00f9265e-4215-439c-96b7-9c189abbc363: The system cannot find the path specified. (0x3)
[1022/123303.503:ERROR:filesystem_win.cc(129)] GetFileAttributes C:\Users\Admin\AppData\Local\Google\Chrome\User Data\Crashpad\attachments\0a1cbb5c-cb46-4d40-936e-a5c810d6b49f: The system cannot find the path specified. (0x3)
[1022/123303.503:ERROR:filesystem_win.cc(129)] GetFileAttributes C:\Users\Admin\AppData\Local\Google\Chrome\User Data\Crashpad\attachments\0a7551ae-8519-4978-bc00-619faed6425e: The system cannot find the path specified. (0x3)
[1022/123303.503:ERROR:filesystem_win.cc(129)] GetFileAttributes C:\Users\Admin\AppData\Local\Google\Chrome\User Data\Crashpad\attachments\0a88231e-826d-4012-82f7-c696f1876e8c: The system cannot find the path specified. (0x3)
[1022/123303.503:ERROR:filesystem_win.cc(129)] GetFileAttributes C:\Users\Admin\AppData\Local\Google\Chrome\User Data\Crashpad\attachments\0c1eb0c5-d80d-4de7-9283-2ebef4818971: The system cannot find the path specified. (0x3)
[1022/123303.519:ERROR:filesystem_win.cc(129)] GetFileAttributes C:\Users\Admin\AppData\Local\Google\Chrome\User Data\Crashpad\attachments\0ed8d364-e524-4e13-bfd1-f4a8d3fcf962: The system cannot find the path specified. (0x3)
[1022/123303.519:ERROR:filesystem_win.cc(129)] GetFileAttributes C:\Users\Admin\AppData\Local\Google\Chrome\User Data\Crashpad\attachments\123559de-3c70-43d5-a1aa-07716d990e2b: The system cannot find the path specified. (0x3)
[1022/123303.519:ERROR:filesystem_win.cc(129)] GetFileAttributes C:\Users\Admin\AppData\Local\Google\Chrome\User Data\Crashpad\attachments\1261ba06-86bc-4f79-9546-fccb1c26e6e5: The system cannot find the path specified. (0x3)
[1022/123303.519:ERROR:filesystem_win.cc(129)] GetFileAttributes C:\Users\Admin\AppData\Local\Google\Chrome\User Data\Crashpad\attachments\13f4684f-c999-4470-9eef-d47b149ec6ff: The system cannot find the path specified. (0x3)
[1022/123303.519:ERROR:filesystem_win.cc(129)] GetFileAttributes C:\Users\Admin\AppData\Local\Google\Chrome\User Data\Crashpad\attachments\1583815e-0dea-4bf0-8262-eb0c1e7fc999: The system cannot find the path specified. (0x3)
[1022/123303.519:ERROR:filesystem_win.cc(129)] GetFileAttributes C:\Users\Admin\AppData\Local\Google\Chrome\User Data\Crashpad\attachments\19e17228-de26-4236-ac40-2255f810ec90: The system cannot find the path specified. (0x3)
[1022/123303.519:ERROR:filesystem_win.cc(129)] GetFileAttributes C:\Users\Admin\AppData\Local\Google\Chrome\User Data\Crashpad\attachments\1a0fdc23-3889-457a-af6c-39fae18156fa: The system cannot find the path specified. (0x3)
[1022/123303.519:ERROR:filesystem_win.cc(129)] GetFileAttributes C:\Users\Admin\AppData\Local\Google\Chrome\User Data\Crashpad\attachments\1a43028f-ac90-4211-9cac-713103d54b63: The system cannot find the path specified. (0x3)
[1022/123303.519:ERROR:filesystem_win.cc(129)] GetFileAttributes C:\Users\Admin\AppData\Local\Google\Chrome\User Data\Crashpad\attachments\1baaea31-0346-4c10-b0f7-e80067bc8ca4: The system cannot find the path specified. (0x3)
[1022/123303.519:ERROR:filesystem_win.cc(129)] GetFileAttributes C:\Users\Admin\AppData\Local\Google\Chrome\User Data\Crashpad\attachments\1c8a4a71-1661-4320-a0c0-5e6a2401ff19: The system cannot find the path specified. (0x3)
[1022/123303.519:ERROR:filesystem_win.cc(129)] GetFileAttributes C:\Users\Admin\AppData\Local\Google\Chrome\User Data\Crashpad\attachments\1fbe50fe-0f61-4c37-bef7-c7d005b52ad3: The system cannot find the path specified. (0x3)
[1022/123303.519:ERROR:filesystem_win.cc(129)] GetFileAttributes C:\Users\Admin\AppData\Local\Google\Chrome\User Data\Crashpad\attachments\21beb2ab-7847-46cb-968e-963f556f4f28: The system cannot find the path specified. (0x3)
[1022/123303.519:ERROR:filesystem_win.cc(129)] GetFileAttributes C:\Users\Admin\AppData\Local\Google\Chrome\User Data\Crashpad\attachments\21c62cc9-d774-4764-9fe5-3045dac18a97: The system cannot find the path specified. (0x3)
[1022/123303.519:ERROR:filesystem_win.cc(129)] GetFileAttributes C:\Users\Admin\AppData\Local\Google\Chrome\User Data\Crashpad\attachments\237647fe-770b-4016-81b4-c4553d87ed62: The system cannot find the path specified. (0x3)
[1022/123303.519:ERROR:filesystem_win.cc(129)] GetFileAttributes C:\Users\Admin\AppData\Local\Google\Chrome\User Data\Crashpad\attachments\25b421b3-c502-47e8-ac98-b7d888cec103: The system cannot find the path specified. (0x3)
[1022/123303.519:ERROR:filesystem_win.cc(129)] GetFileAttributes C:\Users\Admin\AppData\Local\Google\Chrome\User Data\Crashpad\attachments\264f453e-6007-4f3c-912a-4de3c3d49653: The system cannot find the path specified. (0x3)
[1022/123303.519:ERROR:filesystem_win.cc(129)] GetFileAttributes C:\Users\Admin\AppData\Local\Google\Chrome\User Data\Crashpad\attachments\2809793c-74cd-424a-813a-3ad4cbad5168: The system cannot find the path specified. (0x3)
[1022/123303.519:ERROR:filesystem_win.cc(129)] GetFileAttributes C:\Users\Admin\AppData\Local\Google\Chrome\User Data\Crashpad\attachments\28938792-de11-4a74-82b0-aead336d946e: The system cannot find the path specified. (0x3)
[1022/123303.519:ERROR:filesystem_win.cc(129)] GetFileAttributes C:\Users\Admin\AppData\Local\Google\Chrome\User Data\Crashpad\attachments\2b115f5c-fed6-447c-bd23-4b70dc6174db: The system cannot find the path specified. (0x3)
[1022/123303.519:ERROR:filesystem_win.cc(129)] GetFileAttributes C:\Users\Admin\AppData\Local\Google\Chrome\User Data\Crashpad\attachments\2bcd3689-8e3d-4634-ad8d-31cc8200afa3: The system cannot find the path specified. (0x3)
[1022/123303.534:ERROR:filesystem_win.cc(129)] GetFileAttributes C:\Users\Admin\AppData\Local\Google\Chrome\User Data\Crashpad\attachments\2ce82c10-e2cc-4ca3-8b8e-9267117a1960: The system cannot find the path specified. (0x3)
[1022/123303.534:ERROR:filesystem_win.cc(129)] GetFileAttributes C:\Users\Admin\AppData\Local\Google\Chrome\User Data\Crashpad\attachments\2df8230c-5763-41e2-9960-a9600f782d3a: The system cannot find the path specified. (0x3)
[1022/123303.534:ERROR:filesystem_win.cc(129)] GetFileAttributes C:\Users\Admin\AppData\Local\Google\Chrome\User Data\Crashpad\attachments\2e5360ab-8a34-4dbd-84d9-f9f851815731: The system cannot find the path specified. (0x3)
[1022/123303.534:ERROR:filesystem_win.cc(129)] GetFileAttributes C:\Users\Admin\AppData\Local\Google\Chrome\User Data\Crashpad\attachments\302cdc4d-5514-4c66-b377-673dc57aa582: The system cannot find the path specified. (0x3)
[1022/123303.534:ERROR:filesystem_win.cc(129)] GetFileAttributes C:\Users\Admin\AppData\Local\Google\Chrome\User Data\Crashpad\attachments\316849c0-f3f0-46f9-aa7a-cec4ceee05ce: The system cannot find the path specified. (0x3)
[1022/123303.534:ERROR:filesystem_win.cc(129)] GetFileAttributes C:\Users\Admin\AppData\Local\Google\Chrome\User Data\Crashpad\attachments\32791518-586e-4481-b252-c70560cc7a4a: The system cannot find the path specified. (0x3)
[1022/123303.534:ERROR:filesystem_win.cc(129)] GetFileAttributes C:\Users\Admin\AppData\Local\Google\Chrome\User Data\Crashpad\attachments\35ce1fdc-0df1-4e9b-86b2-cf2d5e2b5f8f: The system cannot find the path specified. (0x3)
[1022/123303.534:ERROR:filesystem_win.cc(129)] GetFileAttributes C:\Users\Admin\AppData\Local\Google\Chrome\User Data\Crashpad\attachments\3beb36c9-3e6f-4de9-96c1-3093722d3945: The system cannot find the path specified. (0x3)
[1022/123303.534:ERROR:filesystem_win.cc(129)] GetFileAttributes C:\Users\Admin\AppData\Local\Google\Chrome\User Data\Crashpad\attachments\3dca2395-bb4f-4ac6-aa1c-9819ac79d548: The system cannot find the path specified. (0x3)
[1022/123303.534:ERROR:filesystem_win.cc(129)] GetFileAttributes C:\Users\Admin\AppData\Local\Google\Chrome\User Data\Crashpad\attachments\3ddaebc5-eb1c-432a-99d8-d5cbfea6e0ea: The system cannot find the path specified. (0x3)
[1022/123303.534:ERROR:filesystem_win.cc(129)] GetFileAttributes C:\Users\Admin\AppData\Local\Google\Chrome\User Data\Crashpad\attachments\3f382528-569d-494a-a2a3-30d6aa909ec9: The system cannot find the path specified. (0x3)
[1022/123303.534:ERROR:filesystem_win.cc(129)] GetFileAttributes C:\Users\Admin\AppData\Local\Google\Chrome\User Data\Crashpad\attachments\40ea5343-6b14-4472-b0a7-82203fffb5c8: The system cannot find the path specified. (0x3)
[1022/123303.534:ERROR:filesystem_win.cc(129)] GetFileAttributes C:\Users\Admin\AppData\Local\Google\Chrome\User Data\Crashpad\attachments\41683a93-c4d8-4ad6-b23f-75d078687663: The system cannot find the path specified. (0x3)
[1022/123303.534:ERROR:filesystem_win.cc(129)] GetFileAttributes C:\Users\Admin\AppData\Local\Google\Chrome\User Data\Crashpad\attachments\42c20cf4-c56e-4dda-9936-1d17b1ab7c8f: The system cannot find the path specified. (0x3)
[1022/123303.534:ERROR:filesystem_win.cc(129)] GetFileAttributes C:\Users\Admin\AppData\Local\Google\Chrome\User Data\Crashpad\attachments\42e69c65-97c9-4be1-98a6-78442e18a0ef: The system cannot find the path specified. (0x3)
[1022/123303.534:ERROR:filesystem_win.cc(129)] GetFileAttributes C:\Users\Admin\AppData\Local\Google\Chrome\User Data\Crashpad\attachments\47306689-4328-4e52-ae9c-5e0793f02ab1: The system cannot find the path specified. (0x3)
[1022/123303.534:ERROR:filesystem_win.cc(129)] GetFileAttributes C:\Users\Admin\AppData\Local\Google\Chrome\User Data\Crashpad\attachments\47c784d4-f43f-46ce-bbd9-e8567538a192: The system cannot find the path specified. (0x3)
[1022/123303.534:ERROR:filesystem_win.cc(129)] GetFileAttributes C:\Users\Admin\AppData\Local\Google\Chrome\User Data\Crashpad\attachments\48b49571-123c-4e02-9986-9653f659a3cc: The system cannot find the path specified. (0x3)
[1022/123303.534:ERROR:filesystem_win.cc(129)] GetFileAttributes C:\Users\Admin\AppData\Local\Google\Chrome\User Data\Crashpad\attachments\4bb73a6f-ac51-4fa5-8ef7-526c9c5d1f4d: The system cannot find the path specified. (0x3)
[1022/123303.534:ERROR:filesystem_win.cc(129)] GetFileAttributes C:\Users\Admin\AppData\Local\Google\Chrome\User Data\Crashpad\attachments\4e662293-59ae-4e51-be9a-5302ab104580: The system cannot find the path specified. (0x3)
[1022/123303.534:ERROR:filesystem_win.cc(129)] GetFileAttributes C:\Users\Admin\AppData\Local\Google\Chrome\User Data\Crashpad\attachments\4e8918b5-8834-4091-b159-fa096f950f03: The system cannot find the path specified. (0x3)
[1022/123303.534:ERROR:filesystem_win.cc(129)] GetFileAttributes C:\Users\Admin\AppData\Local\Google\Chrome\User Data\Crashpad\attachments\52016f8e-8c86-44a6-b9c2-7b73f6752507: The system cannot find the path specified. (0x3)
[1022/123303.550:ERROR:filesystem_win.cc(129)] GetFileAttributes C:\Users\Admin\AppData\Local\Google\Chrome\User Data\Crashpad\attachments\57183d19-91b1-43d7-8ae0-5f45d3c56525: The system cannot find the path specified. (0x3)
[1022/123303.550:ERROR:filesystem_win.cc(129)] GetFileAttributes C:\Users\Admin\AppData\Local\Google\Chrome\User Data\Crashpad\attachments\580029a2-f1ec-48ab-bad1-8123e99754b1: The system cannot find the path specified. (0x3)
[1022/123303.550:ERROR:filesystem_win.cc(129)] GetFileAttributes C:\Users\Admin\AppData\Local\Google\Chrome\User Data\Crashpad\attachments\5c3ac90d-e2e8-4bf1-8911-3b78180d4e6a: The system cannot find the path specified. (0x3)
[1022/123303.550:ERROR:filesystem_win.cc(129)] GetFileAttributes C:\Users\Admin\AppData\Local\Google\Chrome\User Data\Crashpad\attachments\5c51f1f4-c221-46ce-a81b-8673ae34019d: The system cannot find the path specified. (0x3)
[1022/123303.550:ERROR:filesystem_win.cc(129)] GetFileAttributes C:\Users\Admin\AppData\Local\Google\Chrome\User Data\Crashpad\attachments\5d09bf60-e759-437f-8870-ce5a6c48be62: The system cannot find the path specified. (0x3)
[1022/123303.550:ERROR:filesystem_win.cc(129)] GetFileAttributes C:\Users\Admin\AppData\Local\Google\Chrome\User Data\Crashpad\attachments\5eb26fdd-363a-471d-82a5-67b89a54a2f8: The system cannot find the path specified. (0x3)
[1022/123303.550:ERROR:filesystem_win.cc(129)] GetFileAttributes C:\Users\Admin\AppData\Local\Google\Chrome\User Data\Crashpad\attachments\6012ca17-edda-4913-b0d5-8676d2e2f717: The system cannot find the path specified. (0x3)
[1022/123303.550:ERROR:filesystem_win.cc(129)] GetFileAttributes C:\Users\Admin\AppData\Local\Google\Chrome\User Data\Crashpad\attachments\6259a31b-addb-4fb0-8f0a-f6c40714d6cb: The system cannot find the path specified. (0x3)
[1022/123303.550:ERROR:filesystem_win.cc(129)] GetFileAttributes C:\Users\Admin\AppData\Local\Google\Chrome\User Data\Crashpad\attachments\63c0f675-95c8-4902-99df-01fdc721ad29: The system cannot find the path specified. (0x3)
[1022/123303.550:ERROR:filesystem_win.cc(129)] GetFileAttributes C:\Users\Admin\AppData\Local\Google\Chrome\User Data\Crashpad\attachments\651da7ab-0ee2-48a5-8bb8-192b5d8e03c4: The system cannot find the path specified. (0x3)
[1022/123303.550:ERROR:filesystem_win.cc(129)] GetFileAttributes C:\Users\Admin\AppData\Local\Google\Chrome\User Data\Crashpad\attachments\65e8624b-04cc-421a-9bcc-00cebdc9fdbb: The system cannot find the path specified. (0x3)
[1022/123303.550:ERROR:filesystem_win.cc(129)] GetFileAttributes C:\Users\Admin\AppData\Local\Google\Chrome\User Data\Crashpad\attachments\6a7f62bd-4334-40c5-ad4c-edd16de4d01b: The system cannot find the path specified. (0x3)
[1022/123303.550:ERROR:filesystem_win.cc(129)] GetFileAttributes C:\Users\Admin\AppData\Local\Google\Chrome\User Data\Crashpad\attachments\6d4e300e-f119-47e0-8040-cc926224c282: The system cannot find the path specified. (0x3)
[1022/123303.550:ERROR:filesystem_win.cc(129)] GetFileAttributes C:\Users\Admin\AppData\Local\Google\Chrome\User Data\Crashpad\attachments\73675244-2b81-4def-b6e3-ccdebc95fd28: The system cannot find the path specified. (0x3)
[1022/123303.550:ERROR:filesystem_win.cc(129)] GetFileAttributes C:\Users\Admin\AppData\Local\Google\Chrome\User Data\Crashpad\attachments\747d0412-5e04-4597-9482-dee699672ffd: The system cannot find the path specified. (0x3)
[1022/123303.550:ERROR:filesystem_win.cc(129)] GetFileAttributes C:\Users\Admin\AppData\Local\Google\Chrome\User Data\Crashpad\attachments\750ab0ba-c08e-42ef-8c0a-56bac4f33c4d: The system cannot find the path specified. (0x3)
[1022/123303.550:ERROR:filesystem_win.cc(129)] GetFileAttributes C:\Users\Admin\AppData\Local\Google\Chrome\User Data\Crashpad\attachments\7839edd1-cbca-44b7-9c72-8dc1ee91055a: The system cannot find the path specified. (0x3)
[1022/123303.550:ERROR:filesystem_win.cc(129)] GetFileAttributes C:\Users\Admin\AppData\Local\Google\Chrome\User Data\Crashpad\attachments\7a93ebc2-fa68-4f69-a284-b527e1d39f9c: The system cannot find the path specified. (0x3)
[1022/123303.550:ERROR:filesystem_win.cc(129)] GetFileAttributes C:\Users\Admin\AppData\Local\Google\Chrome\User Data\Crashpad\attachments\7b146560-4cb6-45d5-a1c2-efb92b238f2e: The system cannot find the path specified. (0x3)
[1022/123303.550:ERROR:filesystem_win.cc(129)] GetFileAttributes C:\Users\Admin\AppData\Local\Google\Chrome\User Data\Crashpad\attachments\7c07faae-312a-4326-a130-78d2e6b4007d: The system cannot find the path specified. (0x3)
[1022/123303.550:ERROR:filesystem_win.cc(129)] GetFileAttributes C:\Users\Admin\AppData\Local\Google\Chrome\User Data\Crashpad\attachments\7fd2e412-7460-4608-a66e-5f52f81e2821: The system cannot find the path specified. (0x3)
[1022/123303.566:ERROR:filesystem_win.cc(129)] GetFileAttributes C:\Users\Admin\AppData\Local\Google\Chrome\User Data\Crashpad\attachments\7ff5e803-c070-45f6-9095-8bac16c85d17: The system cannot find the path specified. (0x3)
[1022/123303.566:ERROR:filesystem_win.cc(129)] GetFileAttributes C:\Users\Admin\AppData\Local\Google\Chrome\User Data\Crashpad\attachments\810c9c72-e276-45e6-be96-7d33a5fd1517: The system cannot find the path specified. (0x3)
[1022/123303.566:ERROR:filesystem_win.cc(129)] GetFileAttributes C:\Users\Admin\AppData\Local\Google\Chrome\User Data\Crashpad\attachments\81ba0b51-5e03-4f99-b9bb-62526a131509: The system cannot find the path specified. (0x3)
[1022/123303.566:ERROR:filesystem_win.cc(129)] GetFileAttributes C:\Users\Admin\AppData\Local\Google\Chrome\User Data\Crashpad\attachments\87b1e37c-ad8d-4e4e-81e1-76c853f2975c: The system cannot find the path specified. (0x3)
[1022/123303.566:ERROR:filesystem_win.cc(129)] GetFileAttributes C:\Users\Admin\AppData\Local\Google\Chrome\User Data\Crashpad\attachments\89198b46-3ddb-4523-98a0-ccf4fea93a4b: The system cannot find the path specified. (0x3)
[1022/123303.566:ERROR:filesystem_win.cc(129)] GetFileAttributes C:\Users\Admin\AppData\Local\Google\Chrome\User Data\Crashpad\attachments\8dae1580-d6e3-4dbe-b69b-16a23bb2befd: The system cannot find the path specified. (0x3)
[1022/123303.566:ERROR:filesystem_win.cc(129)] GetFileAttributes C:\Users\Admin\AppData\Local\Google\Chrome\User Data\Crashpad\attachments\904ac81f-5de4-45ba-8286-d24f35d353ce: The system cannot find the path specified. (0x3)
[1022/123303.566:ERROR:filesystem_win.cc(129)] GetFileAttributes C:\Users\Admin\AppData\Local\Google\Chrome\User Data\Crashpad\attachments\936af717-187e-4f11-b563-b3fa6fd6dfc2: The system cannot find the path specified. (0x3)
[1022/123303.566:ERROR:filesystem_win.cc(129)] GetFileAttributes C:\Users\Admin\AppData\Local\Google\Chrome\User Data\Crashpad\attachments\951f6cdb-8f30-4110-aabe-12a578ecb925: The system cannot find the path specified. (0x3)
[1022/123303.566:ERROR:filesystem_win.cc(129)] GetFileAttributes C:\Users\Admin\AppData\Local\Google\Chrome\User Data\Crashpad\attachments\999762de-3f88-4e8a-a12c-e159c6153968: The system cannot find the path specified. (0x3)
[1022/123303.566:ERROR:filesystem_win.cc(129)] GetFileAttributes C:\Users\Admin\AppData\Local\Google\Chrome\User Data\Crashpad\attachments\9ab9e385-dd6f-44a9-afbb-ea4719838f5c: The system cannot find the path specified. (0x3)
[1022/123303.566:ERROR:filesystem_win.cc(129)] GetFileAttributes C:\Users\Admin\AppData\Local\Google\Chrome\User Data\Crashpad\attachments\9b36fe96-e56f-437e-86ce-0f0e0dd0b7f1: The system cannot find the path specified. (0x3)
[1022/123303.566:ERROR:filesystem_win.cc(129)] GetFileAttributes C:\Users\Admin\AppData\Local\Google\Chrome\User Data\Crashpad\attachments\a1a9cce0-4cd0-4270-bff4-eb3cd873ef86: The system cannot find the path specified. (0x3)
[1022/123303.566:ERROR:filesystem_win.cc(129)] GetFileAttributes C:\Users\Admin\AppData\Local\Google\Chrome\User Data\Crashpad\attachments\a1e32e82-40b7-4142-a9ef-64801ade6b36: The system cannot find the path specified. (0x3)
[1022/123303.566:ERROR:filesystem_win.cc(129)] GetFileAttributes C:\Users\Admin\AppData\Local\Google\Chrome\User Data\Crashpad\attachments\a7b592cf-d5e2-42cc-9515-d99ad494ced2: The system cannot find the path specified. (0x3)
[1022/123303.566:ERROR:filesystem_win.cc(129)] GetFileAttributes C:\Users\Admin\AppData\Local\Google\Chrome\User Data\Crashpad\attachments\a7cf5fdf-cbb1-451b-b8be-385d5c6bcb98: The system cannot find the path specified. (0x3)
[1022/123303.566:ERROR:filesystem_win.cc(129)] GetFileAttributes C:\Users\Admin\AppData\Local\Google\Chrome\User Data\Crashpad\attachments\ab878ec9-9578-42a3-b89b-a95837152679: The system cannot find the path specified. (0x3)
[1022/123303.566:ERROR:filesystem_win.cc(129)] GetFileAttributes C:\Users\Admin\AppData\Local\Google\Chrome\User Data\Crashpad\attachments\ac0891e8-5280-4496-88a1-d38953937502: The system cannot find the path specified. (0x3)
[1022/123303.566:ERROR:filesystem_win.cc(129)] GetFileAttributes C:\Users\Admin\AppData\Local\Google\Chrome\User Data\Crashpad\attachments\ac803d1a-26cf-4bb3-a639-4aec703bdc6f: The system cannot find the path specified. (0x3)
[1022/123303.566:ERROR:filesystem_win.cc(129)] GetFileAttributes C:\Users\Admin\AppData\Local\Google\Chrome\User Data\Crashpad\attachments\add6804f-4a77-4791-8b21-5c5438948719: The system cannot find the path specified. (0x3)
[1022/123303.566:ERROR:filesystem_win.cc(129)] GetFileAttributes C:\Users\Admin\AppData\Local\Google\Chrome\User Data\Crashpad\attachments\ade34e00-6b9a-4538-8c01-8e74bf899d18: The system cannot find the path specified. (0x3)
[1022/123303.566:ERROR:filesystem_win.cc(129)] GetFileAttributes C:\Users\Admin\AppData\Local\Google\Chrome\User Data\Crashpad\attachments\aeae066d-d34e-458e-a855-00a72b7a798d: The system cannot find the path specified. (0x3)
[1022/123303.566:ERROR:filesystem_win.cc(129)] GetFileAttributes C:\Users\Admin\AppData\Local\Google\Chrome\User Data\Crashpad\attachments\b2119bd2-e973-4455-b007-408d58c8ee9b: The system cannot find the path specified. (0x3)
[1022/123303.566:ERROR:filesystem_win.cc(129)] GetFileAttributes C:\Users\Admin\AppData\Local\Google\Chrome\User Data\Crashpad\attachments\b3d1295a-6e11-406e-805d-f2f3e708cebf: The system cannot find the path specified. (0x3)
[1022/123303.581:ERROR:filesystem_win.cc(129)] GetFileAttributes C:\Users\Admin\AppData\Local\Google\Chrome\User Data\Crashpad\attachments\b40493c5-e2fe-4fd8-a0a3-1d6009b5ee58: The system cannot find the path specified. (0x3)
[1022/123303.581:ERROR:filesystem_win.cc(129)] GetFileAttributes C:\Users\Admin\AppData\Local\Google\Chrome\User Data\Crashpad\attachments\b56213a1-061b-4627-b70b-b96597c007f7: The system cannot find the path specified. (0x3)
[1022/123303.581:ERROR:filesystem_win.cc(129)] GetFileAttributes C:\Users\Admin\AppData\Local\Google\Chrome\User Data\Crashpad\attachments\b784a3c7-2c46-4f73-a149-886bf739942e: The system cannot find the path specified. (0x3)
[1022/123303.581:ERROR:filesystem_win.cc(129)] GetFileAttributes C:\Users\Admin\AppData\Local\Google\Chrome\User Data\Crashpad\attachments\b91fea1b-7007-495b-a89e-6a17bde81cbe: The system cannot find the path specified. (0x3)
[1022/123303.581:ERROR:filesystem_win.cc(129)] GetFileAttributes C:\Users\Admin\AppData\Local\Google\Chrome\User Data\Crashpad\attachments\ba5752f9-be9a-4777-9785-91dbe893d9fa: The system cannot find the path specified. (0x3)
[1022/123303.581:ERROR:filesystem_win.cc(129)] GetFileAttributes C:\Users\Admin\AppData\Local\Google\Chrome\User Data\Crashpad\attachments\ba773533-c0e7-4a89-8651-0075cfde803f: The system cannot find the path specified. (0x3)
[1022/123303.581:ERROR:filesystem_win.cc(129)] GetFileAttributes C:\Users\Admin\AppData\Local\Google\Chrome\User Data\Crashpad\attachments\bb76965c-b933-4de0-a079-1b533a324ec4: The system cannot find the path specified. (0x3)
[1022/123303.581:ERROR:filesystem_win.cc(129)] GetFileAttributes C:\Users\Admin\AppData\Local\Google\Chrome\User Data\Crashpad\attachments\c217c093-d318-4479-8fbb-78a2a7283004: The system cannot find the path specified. (0x3)
[1022/123303.581:ERROR:filesystem_win.cc(129)] GetFileAttributes C:\Users\Admin\AppData\Local\Google\Chrome\User Data\Crashpad\attachments\c7274131-6da9-40b7-ac7a-5244cf45cd95: The system cannot find the path specified. (0x3)
[1022/123303.581:ERROR:filesystem_win.cc(129)] GetFileAttributes C:\Users\Admin\AppData\Local\Google\Chrome\User Data\Crashpad\attachments\cae0d62f-63c3-4076-bbb1-ef5904e0fb57: The system cannot find the path specified. (0x3)
[1022/123303.581:ERROR:filesystem_win.cc(129)] GetFileAttributes C:\Users\Admin\AppData\Local\Google\Chrome\User Data\Crashpad\attachments\cae7453e-6e78-44a4-9365-7f4c13aacda9: The system cannot find the path specified. (0x3)
[1022/123303.581:ERROR:filesystem_win.cc(129)] GetFileAttributes C:\Users\Admin\AppData\Local\Google\Chrome\User Data\Crashpad\attachments\cec4b2f9-ddb5-4596-a701-8ada7f1ee417: The system cannot find the path specified. (0x3)
[1022/123303.581:ERROR:filesystem_win.cc(129)] GetFileAttributes C:\Users\Admin\AppData\Local\Google\Chrome\User Data\Crashpad\attachments\d06f430a-4585-4b1d-8b6e-81fae2a20d7e: The system cannot find the path specified. (0x3)
[1022/123303.581:ERROR:filesystem_win.cc(129)] GetFileAttributes C:\Users\Admin\AppData\Local\Google\Chrome\User Data\Crashpad\attachments\d1b353fd-2bec-4bbe-9764-deb5b6785639: The system cannot find the path specified. (0x3)
[1022/123303.581:ERROR:filesystem_win.cc(129)] GetFileAttributes C:\Users\Admin\AppData\Local\Google\Chrome\User Data\Crashpad\attachments\d4869b5c-9e6e-43a6-9eed-a9ff9f95a699: The system cannot find the path specified. (0x3)
[1022/123303.581:ERROR:filesystem_win.cc(129)] GetFileAttributes C:\Users\Admin\AppData\Local\Google\Chrome\User Data\Crashpad\attachments\d510422d-ee84-42b0-9e82-726113edadfa: The system cannot find the path specified. (0x3)
[1022/123303.581:ERROR:filesystem_win.cc(129)] GetFileAttributes C:\Users\Admin\AppData\Local\Google\Chrome\User Data\Crashpad\attachments\d9a232b7-b32c-41d6-ba0d-1ab1a3a12ca4: The system cannot find the path specified. (0x3)
[1022/123303.581:ERROR:filesystem_win.cc(129)] GetFileAttributes C:\Users\Admin\AppData\Local\Google\Chrome\User Data\Crashpad\attachments\da10e633-d9cc-4407-b9c8-b9f1245d5483: The system cannot find the path specified. (0x3)
[1022/123303.581:ERROR:filesystem_win.cc(129)] GetFileAttributes C:\Users\Admin\AppData\Local\Google\Chrome\User Data\Crashpad\attachments\dc36daa2-001f-4d2f-8b44-606cbd93fdb5: The system cannot find the path specified. (0x3)
[1022/123303.581:ERROR:filesystem_win.cc(129)] GetFileAttributes C:\Users\Admin\AppData\Local\Google\Chrome\User Data\Crashpad\attachments\dd0fcd76-7b99-4a14-b4b0-b999d07f9a25: The system cannot find the path specified. (0x3)
[1022/123303.581:ERROR:filesystem_win.cc(129)] GetFileAttributes C:\Users\Admin\AppData\Local\Google\Chrome\User Data\Crashpad\attachments\df1de55a-6179-46bc-bbf4-dad5ec2cea91: The system cannot find the path specified. (0x3)
[1022/123303.581:ERROR:filesystem_win.cc(129)] GetFileAttributes C:\Users\Admin\AppData\Local\Google\Chrome\User Data\Crashpad\attachments\dfb5833a-5ddf-48c2-8f26-b3d9b843908b: The system cannot find the path specified. (0x3)
[1022/123303.597:ERROR:filesystem_win.cc(129)] GetFileAttributes C:\Users\Admin\AppData\Local\Google\Chrome\User Data\Crashpad\attachments\dffd70b0-8d4d-4d6d-964f-efd6bf843ca8: The system cannot find the path specified. (0x3)
[1022/123303.598:ERROR:filesystem_win.cc(129)] GetFileAttributes C:\Users\Admin\AppData\Local\Google\Chrome\User Data\Crashpad\attachments\e0eb99c3-6ee2-436e-b3c1-6d085cb14256: The system cannot find the path specified. (0x3)
[1022/123303.599:ERROR:filesystem_win.cc(129)] GetFileAttributes C:\Users\Admin\AppData\Local\Google\Chrome\User Data\Crashpad\attachments\e2c7eefe-1370-49b0-b7d8-37c256ac18e3: The system cannot find the path specified. (0x3)
[1022/123303.599:ERROR:filesystem_win.cc(129)] GetFileAttributes C:\Users\Admin\AppData\Local\Google\Chrome\User Data\Crashpad\attachments\e6d32dd2-bc4a-48b3-9015-7761f06b19d0: The system cannot find the path specified. (0x3)
[1022/123303.600:ERROR:filesystem_win.cc(129)] GetFileAttributes C:\Users\Admin\AppData\Local\Google\Chrome\User Data\Crashpad\attachments\e72d8a46-6457-47b5-885a-6aecfe820983: The system cannot find the path specified. (0x3)
[1022/123303.600:ERROR:filesystem_win.cc(129)] GetFileAttributes C:\Users\Admin\AppData\Local\Google\Chrome\User Data\Crashpad\attachments\e8dfe7d5-10cb-4384-b9b9-1246ef51b71a: The system cannot find the path specified. (0x3)
[1022/123303.601:ERROR:filesystem_win.cc(129)] GetFileAttributes C:\Users\Admin\AppData\Local\Google\Chrome\User Data\Crashpad\attachments\ec53c3f1-0168-469c-8729-585b7f35939d: The system cannot find the path specified. (0x3)
[1022/123303.602:ERROR:filesystem_win.cc(129)] GetFileAttributes C:\Users\Admin\AppData\Local\Google\Chrome\User Data\Crashpad\attachments\eda1d48b-722e-4957-93b4-1f941b13f416: The system cannot find the path specified. (0x3)
[1022/123303.603:ERROR:filesystem_win.cc(129)] GetFileAttributes C:\Users\Admin\AppData\Local\Google\Chrome\User Data\Crashpad\attachments\edc147d2-b936-4589-93f2-bb1ef91940a4: The system cannot find the path specified. (0x3)
[1022/123303.603:ERROR:filesystem_win.cc(129)] GetFileAttributes C:\Users\Admin\AppData\Local\Google\Chrome\User Data\Crashpad\attachments\ee348935-9800-4eb1-8c71-a14fa1d3eadf: The system cannot find the path specified. (0x3)
[1022/123303.604:ERROR:filesystem_win.cc(129)] GetFileAttributes C:\Users\Admin\AppData\Local\Google\Chrome\User Data\Crashpad\attachments\ef921001-6f34-42f9-9ee6-390f45601f72: The system cannot find the path specified. (0x3)
[1022/123303.604:ERROR:filesystem_win.cc(129)] GetFileAttributes C:\Users\Admin\AppData\Local\Google\Chrome\User Data\Crashpad\attachments\f1640625-f737-4a78-9cc5-b5dcdbcaf260: The system cannot find the path specified. (0x3)
[1022/123303.604:ERROR:filesystem_win.cc(129)] GetFileAttributes C:\Users\Admin\AppData\Local\Google\Chrome\User Data\Crashpad\attachments\f4529a7b-997a-4f7f-b0ad-80d730c776fd: The system cannot find the path specified. (0x3)
[1022/123303.605:ERROR:filesystem_win.cc(129)] GetFileAttributes C:\Users\Admin\AppData\Local\Google\Chrome\User Data\Crashpad\attachments\f508f407-84c8-41d0-8417-7a14077b2fc2: The system cannot find the path specified. (0x3)
[1022/123303.606:ERROR:filesystem_win.cc(129)] GetFileAttributes C:\Users\Admin\AppData\Local\Google\Chrome\User Data\Crashpad\attachments\f7846f05-c6e9-4db2-9b7d-1ab66eee1ac7: The system cannot find the path specified. (0x3)
[1022/123303.606:ERROR:filesystem_win.cc(129)] GetFileAttributes C:\Users\Admin\AppData\Local\Google\Chrome\User Data\Crashpad\attachments\f8c3f8c0-56a0-4e14-8a83-2e6f908e594c: The system cannot find the path specified. (0x3)
[1022/123303.607:ERROR:filesystem_win.cc(129)] GetFileAttributes C:\Users\Admin\AppData\Local\Google\Chrome\User Data\Crashpad\attachments\fa093a68-5661-41e3-a5de-fb680de103cf: The system cannot find the path specified. (0x3)
[1022/123303.608:ERROR:filesystem_win.cc(129)] GetFileAttributes C:\Users\Admin\AppData\Local\Google\Chrome\User Data\Crashpad\attachments\fa38bb3b-107c-46b9-9549-f4cf6574363f: The system cannot find the path specified. (0x3)
[1022/123303.609:ERROR:filesystem_win.cc(129)] GetFileAttributes C:\Users\Admin\AppData\Local\Google\Chrome\User Data\Crashpad\attachments\faf9c8ec-1231-481b-b340-f1077d28d4d5: The system cannot find the path specified. (0x3)
[1022/123303.610:ERROR:filesystem_win.cc(129)] GetFileAttributes C:\Users\Admin\AppData\Local\Google\Chrome\User Data\Crashpad\attachments\fb5f3c0a-c945-4ac3-ad6a-ded262a2cdc3: The system cannot find the path specified. (0x3)
[1022/123303.617:ERROR:filesystem_win.cc(129)] GetFileAttributes C:\Users\Admin\AppData\Local\Google\Chrome\User Data\Crashpad\attachments\fbc83620-63fb-46be-95d0-d788fad99963: The system cannot find the path specified. (0x3)
[1022/123303.617:ERROR:directory_reader_win.cc(43)] FindFirstFile: The system cannot find the path specified. (0x3)
[1022/195131.302:ERROR:directory_reader_win.cc(43)] FindFirstFile: The system cannot find the path specified. (0x3)
[1022/222215.992:ERROR:directory_reader_win.cc(43)] FindFirstFile: The system cannot find the path specified. (0x3)
